[0.918s] DEBUG:colcon:Command line arguments: ['/usr/bin/colcon', 'build']
[0.918s] DEBUG:colcon:Parsed command line arguments: Namespace(log_base=None, log_level=None, verb_name='build', build_base='build', install_base='install', merge_install=False, symlink_install=False, test_result_base=None, continue_on_error=False, executor='parallel', parallel_workers=2, event_handlers=None, ignore_user_meta=False, metas=['./colcon.meta'], base_paths=['.'], packages_ignore=None, packages_ignore_regex=None, paths=None, packages_up_to=None, packages_up_to_regex=None, packages_above=None, packages_above_and_dependencies=None, packages_above_depth=None, packages_select_by_dep=None, packages_skip_by_dep=None, packages_skip_up_to=None, packages_select_build_failed=False, packages_skip_build_finished=False, packages_select_test_failures=False, packages_skip_test_passed=False, packages_select=None, packages_skip=None, packages_select_regex=None, packages_skip_regex=None, packages_start=None, packages_end=None, allow_overriding=[], cmake_args=None, cmake_target=None, cmake_target_skip_unavailable=False, cmake_clean_cache=False, cmake_clean_first=False, cmake_force_configure=False, ament_cmake_args=None, catkin_cmake_args=None, catkin_skip_building_tests=False, verb_parser=<colcon_defaults.argument_parser.defaults.DefaultArgumentsDecorator object at 0xe7bb21f6de10>, verb_extension=<colcon_core.verb.build.BuildVerb object at 0xe7bb21f6d0c0>, main=<bound method BuildVerb.main of <colcon_core.verb.build.BuildVerb object at 0xe7bb21f6d0c0>>)
[0.976s] Level 1:colcon.colcon_core.package_discovery:discover_packages(colcon_meta) check parameters
[0.976s] Level 1:colcon.colcon_core.package_discovery:discover_packages(recursive) check parameters
[0.976s] Level 1:colcon.colcon_core.package_discovery:discover_packages(ignore) check parameters
[0.976s] Level 1:colcon.colcon_core.package_discovery:discover_packages(path) check parameters
[0.976s] Level 1:colcon.colcon_core.package_discovery:discover_packages(colcon_meta) discover
[0.976s] Level 1:colcon.colcon_core.package_discovery:discover_packages(recursive) discover
[0.976s] INFO:colcon.colcon_core.package_discovery:Crawling recursively for packages in '/home/timi/bumperbot_ws'
[0.977s] Level 1:colcon.colcon_core.package_identification:_identify(.) by extensions ['ignore', 'ignore_ament_install']
[0.977s] Level 1:colcon.colcon_core.package_identification:_identify(.) by extension 'ignore'
[0.977s] Level 1:colcon.colcon_core.package_identification:_identify(.) by extension 'ignore_ament_install'
[0.977s] Level 1:colcon.colcon_core.package_identification:_identify(.) by extensions ['colcon_pkg']
[0.977s] Level 1:colcon.colcon_core.package_identification:_identify(.) by extension 'colcon_pkg'
[0.977s] Level 1:colcon.colcon_core.package_identification:_identify(.) by extensions ['colcon_meta']
[0.977s] Level 1:colcon.colcon_core.package_identification:_identify(.) by extension 'colcon_meta'
[0.977s] Level 1:colcon.colcon_core.package_identification:_identify(.) by extensions ['ros']
[0.977s] Level 1:colcon.colcon_core.package_identification:_identify(.) by extension 'ros'
[0.991s] Level 1:colcon.colcon_core.package_identification:_identify(.) by extensions ['cmake', 'python']
[0.991s] Level 1:colcon.colcon_core.package_identification:_identify(.) by extension 'cmake'
[0.991s] Level 1:colcon.colcon_core.package_identification:_identify(.) by extension 'python'
[0.991s] Level 1:colcon.colcon_core.package_identification:_identify(.) by extensions ['python_setup_py']
[0.991s] Level 1:colcon.colcon_core.package_identification:_identify(.) by extension 'python_setup_py'
[0.991s] Level 1:colcon.colcon_core.package_identification:_identify(build) by extensions ['ignore', 'ignore_ament_install']
[0.991s] Level 1:colcon.colcon_core.package_identification:_identify(build) by extension 'ignore'
[0.991s] Level 1:colcon.colcon_core.package_identification:_identify(build) ignored
[0.991s] Level 1:colcon.colcon_core.package_identification:_identify(install) by extensions ['ignore', 'ignore_ament_install']
[0.991s] Level 1:colcon.colcon_core.package_identification:_identify(install) by extension 'ignore'
[0.991s] Level 1:colcon.colcon_core.package_identification:_identify(install) ignored
[0.991s] Level 1:colcon.colcon_core.package_identification:_identify(log) by extensions ['ignore', 'ignore_ament_install']
[0.992s] Level 1:colcon.colcon_core.package_identification:_identify(log) by extension 'ignore'
[0.992s] Level 1:colcon.colcon_core.package_identification:_identify(log) ignored
[0.992s] Level 1:colcon.colcon_core.package_identification:_identify(src) by extensions ['ignore', 'ignore_ament_install']
[0.992s] Level 1:colcon.colcon_core.package_identification:_identify(src) by extension 'ignore'
[0.992s] Level 1:colcon.colcon_core.package_identification:_identify(src) by extension 'ignore_ament_install'
[0.992s] Level 1:colcon.colcon_core.package_identification:_identify(src) by extensions ['colcon_pkg']
[0.992s] Level 1:colcon.colcon_core.package_identification:_identify(src) by extension 'colcon_pkg'
[0.992s] Level 1:colcon.colcon_core.package_identification:_identify(src) by extensions ['colcon_meta']
[0.992s] Level 1:colcon.colcon_core.package_identification:_identify(src) by extension 'colcon_meta'
[0.992s] Level 1:colcon.colcon_core.package_identification:_identify(src) by extensions ['ros']
[0.992s] Level 1:colcon.colcon_core.package_identification:_identify(src) by extension 'ros'
[0.992s] Level 1:colcon.colcon_core.package_identification:_identify(src) by extensions ['cmake', 'python']
[0.992s] Level 1:colcon.colcon_core.package_identification:_identify(src) by extension 'cmake'
[0.992s] Level 1:colcon.colcon_core.package_identification:_identify(src) by extension 'python'
[0.992s] Level 1:colcon.colcon_core.package_identification:_identify(src) by extensions ['python_setup_py']
[0.992s] Level 1:colcon.colcon_core.package_identification:_identify(src) by extension 'python_setup_py'
[0.992s] Level 1:colcon.colcon_core.package_identification:_identify(src/bumperbot_cpp_examples) by extensions ['ignore', 'ignore_ament_install']
[0.992s] Level 1:colcon.colcon_core.package_identification:_identify(src/bumperbot_cpp_examples) by extension 'ignore'
[0.992s] Level 1:colcon.colcon_core.package_identification:_identify(src/bumperbot_cpp_examples) by extension 'ignore_ament_install'
[0.992s] Level 1:colcon.colcon_core.package_identification:_identify(src/bumperbot_cpp_examples) by extensions ['colcon_pkg']
[0.992s] Level 1:colcon.colcon_core.package_identification:_identify(src/bumperbot_cpp_examples) by extension 'colcon_pkg'
[0.992s] Level 1:colcon.colcon_core.package_identification:_identify(src/bumperbot_cpp_examples) by extensions ['colcon_meta']
[0.992s] Level 1:colcon.colcon_core.package_identification:_identify(src/bumperbot_cpp_examples) by extension 'colcon_meta'
[0.992s] Level 1:colcon.colcon_core.package_identification:_identify(src/bumperbot_cpp_examples) by extensions ['ros']
[0.993s] Level 1:colcon.colcon_core.package_identification:_identify(src/bumperbot_cpp_examples) by extension 'ros'
[0.996s] DEBUG:colcon.colcon_core.package_identification:Package 'src/bumperbot_cpp_examples' with type 'ros.ament_cmake' and name 'bumperbot_cpp_examples'
[0.996s] Level 1:colcon.colcon_core.package_identification:_identify(src/bumperbot_description) by extensions ['ignore', 'ignore_ament_install']
[0.996s] Level 1:colcon.colcon_core.package_identification:_identify(src/bumperbot_description) by extension 'ignore'
[0.996s] Level 1:colcon.colcon_core.package_identification:_identify(src/bumperbot_description) by extension 'ignore_ament_install'
[0.996s] Level 1:colcon.colcon_core.package_identification:_identify(src/bumperbot_description) by extensions ['colcon_pkg']
[0.996s] Level 1:colcon.colcon_core.package_identification:_identify(src/bumperbot_description) by extension 'colcon_pkg'
[0.996s] Level 1:colcon.colcon_core.package_identification:_identify(src/bumperbot_description) by extensions ['colcon_meta']
[0.996s] Level 1:colcon.colcon_core.package_identification:_identify(src/bumperbot_description) by extension 'colcon_meta'
[0.996s] Level 1:colcon.colcon_core.package_identification:_identify(src/bumperbot_description) by extensions ['ros']
[0.996s] Level 1:colcon.colcon_core.package_identification:_identify(src/bumperbot_description) by extension 'ros'
[0.997s] DEBUG:colcon.colcon_core.package_identification:Package 'src/bumperbot_description' with type 'ros.ament_cmake' and name 'bumperbot_description'
[0.997s] Level 1:colcon.colcon_core.package_identification:_identify(src/bumperbot_py_examples) by extensions ['ignore', 'ignore_ament_install']
[0.997s] Level 1:colcon.colcon_core.package_identification:_identify(src/bumperbot_py_examples) by extension 'ignore'
[0.998s] Level 1:colcon.colcon_core.package_identification:_identify(src/bumperbot_py_examples) by extension 'ignore_ament_install'
[0.998s] Level 1:colcon.colcon_core.package_identification:_identify(src/bumperbot_py_examples) by extensions ['colcon_pkg']
[0.998s] Level 1:colcon.colcon_core.package_identification:_identify(src/bumperbot_py_examples) by extension 'colcon_pkg'
[0.998s] Level 1:colcon.colcon_core.package_identification:_identify(src/bumperbot_py_examples) by extensions ['colcon_meta']
[0.998s] Level 1:colcon.colcon_core.package_identification:_identify(src/bumperbot_py_examples) by extension 'colcon_meta'
[0.998s] Level 1:colcon.colcon_core.package_identification:_identify(src/bumperbot_py_examples) by extensions ['ros']
[0.998s] Level 1:colcon.colcon_core.package_identification:_identify(src/bumperbot_py_examples) by extension 'ros'
[0.998s] DEBUG:colcon.colcon_core.package_identification:Package 'src/bumperbot_py_examples' with type 'ros.ament_python' and name 'bumperbot_py_examples'
[0.998s] Level 1:colcon.colcon_core.package_discovery:discover_packages(recursive) using defaults
[0.998s] Level 1:colcon.colcon_core.package_discovery:discover_packages(ignore) discover
[0.998s] Level 1:colcon.colcon_core.package_discovery:discover_packages(ignore) using defaults
[0.999s] Level 1:colcon.colcon_core.package_discovery:discover_packages(path) discover
[0.999s] Level 1:colcon.colcon_core.package_discovery:discover_packages(path) using defaults
[1.129s] Level 1:colcon.colcon_core.package_discovery:discover_packages(prefix_path) check parameters
[1.129s] Level 1:colcon.colcon_core.package_discovery:discover_packages(prefix_path) discover
[1.154s] DEBUG:colcon.colcon_installed_package_information.package_discovery:Found 335 installed packages in /opt/ros/humble
[1.156s] Level 1:colcon.colcon_core.package_discovery:discover_packages(prefix_path) using defaults
[1.334s] Level 5:colcon.colcon_core.verb:set package 'bumperbot_cpp_examples' build argument 'cmake_args' from command line to 'None'
[1.334s] Level 5:colcon.colcon_core.verb:set package 'bumperbot_cpp_examples' build argument 'cmake_target' from command line to 'None'
[1.334s] Level 5:colcon.colcon_core.verb:set package 'bumperbot_cpp_examples' build argument 'cmake_target_skip_unavailable' from command line to 'False'
[1.334s] Level 5:colcon.colcon_core.verb:set package 'bumperbot_cpp_examples' build argument 'cmake_clean_cache' from command line to 'False'
[1.334s] Level 5:colcon.colcon_core.verb:set package 'bumperbot_cpp_examples' build argument 'cmake_clean_first' from command line to 'False'
[1.334s] Level 5:colcon.colcon_core.verb:set package 'bumperbot_cpp_examples' build argument 'cmake_force_configure' from command line to 'False'
[1.334s] Level 5:colcon.colcon_core.verb:set package 'bumperbot_cpp_examples' build argument 'ament_cmake_args' from command line to 'None'
[1.334s] Level 5:colcon.colcon_core.verb:set package 'bumperbot_cpp_examples' build argument 'catkin_cmake_args' from command line to 'None'
[1.334s] Level 5:colcon.colcon_core.verb:set package 'bumperbot_cpp_examples' build argument 'catkin_skip_building_tests' from command line to 'False'
[1.334s] DEBUG:colcon.colcon_core.verb:Building package 'bumperbot_cpp_examples' with the following arguments: {'ament_cmake_args': None, 'build_base': '/home/timi/bumperbot_ws/build/bumperbot_cpp_examples', 'catkin_cmake_args': None, 'catkin_skip_building_tests': False, 'cmake_args': None, 'cmake_clean_cache': False, 'cmake_clean_first': False, 'cmake_force_configure': False, 'cmake_target': None, 'cmake_target_skip_unavailable': False, 'install_base': '/home/timi/bumperbot_ws/install/bumperbot_cpp_examples', 'merge_install': False, 'path': '/home/timi/bumperbot_ws/src/bumperbot_cpp_examples', 'symlink_install': False, 'test_result_base': None}
[1.343s] Level 5:colcon.colcon_core.verb:set package 'bumperbot_description' build argument 'cmake_args' from command line to 'None'
[1.343s] Level 5:colcon.colcon_core.verb:set package 'bumperbot_description' build argument 'cmake_target' from command line to 'None'
[1.343s] Level 5:colcon.colcon_core.verb:set package 'bumperbot_description' build argument 'cmake_target_skip_unavailable' from command line to 'False'
[1.343s] Level 5:colcon.colcon_core.verb:set package 'bumperbot_description' build argument 'cmake_clean_cache' from command line to 'False'
[1.343s] Level 5:colcon.colcon_core.verb:set package 'bumperbot_description' build argument 'cmake_clean_first' from command line to 'False'
[1.343s] Level 5:colcon.colcon_core.verb:set package 'bumperbot_description' build argument 'cmake_force_configure' from command line to 'False'
[1.343s] Level 5:colcon.colcon_core.verb:set package 'bumperbot_description' build argument 'ament_cmake_args' from command line to 'None'
[1.343s] Level 5:colcon.colcon_core.verb:set package 'bumperbot_description' build argument 'catkin_cmake_args' from command line to 'None'
[1.343s] Level 5:colcon.colcon_core.verb:set package 'bumperbot_description' build argument 'catkin_skip_building_tests' from command line to 'False'
[1.343s] DEBUG:colcon.colcon_core.verb:Building package 'bumperbot_description' with the following arguments: {'ament_cmake_args': None, 'build_base': '/home/timi/bumperbot_ws/build/bumperbot_description', 'catkin_cmake_args': None, 'catkin_skip_building_tests': False, 'cmake_args': None, 'cmake_clean_cache': False, 'cmake_clean_first': False, 'cmake_force_configure': False, 'cmake_target': None, 'cmake_target_skip_unavailable': False, 'install_base': '/home/timi/bumperbot_ws/install/bumperbot_description', 'merge_install': False, 'path': '/home/timi/bumperbot_ws/src/bumperbot_description', 'symlink_install': False, 'test_result_base': None}
[1.352s] Level 5:colcon.colcon_core.verb:set package 'bumperbot_py_examples' build argument 'cmake_args' from command line to 'None'
[1.352s] Level 5:colcon.colcon_core.verb:set package 'bumperbot_py_examples' build argument 'cmake_target' from command line to 'None'
[1.352s] Level 5:colcon.colcon_core.verb:set package 'bumperbot_py_examples' build argument 'cmake_target_skip_unavailable' from command line to 'False'
[1.352s] Level 5:colcon.colcon_core.verb:set package 'bumperbot_py_examples' build argument 'cmake_clean_cache' from command line to 'False'
[1.352s] Level 5:colcon.colcon_core.verb:set package 'bumperbot_py_examples' build argument 'cmake_clean_first' from command line to 'False'
[1.352s] Level 5:colcon.colcon_core.verb:set package 'bumperbot_py_examples' build argument 'cmake_force_configure' from command line to 'False'
[1.352s] Level 5:colcon.colcon_core.verb:set package 'bumperbot_py_examples' build argument 'ament_cmake_args' from command line to 'None'
[1.352s] Level 5:colcon.colcon_core.verb:set package 'bumperbot_py_examples' build argument 'catkin_cmake_args' from command line to 'None'
[1.352s] Level 5:colcon.colcon_core.verb:set package 'bumperbot_py_examples' build argument 'catkin_skip_building_tests' from command line to 'False'
[1.352s] DEBUG:colcon.colcon_core.verb:Building package 'bumperbot_py_examples' with the following arguments: {'ament_cmake_args': None, 'build_base': '/home/timi/bumperbot_ws/build/bumperbot_py_examples', 'catkin_cmake_args': None, 'catkin_skip_building_tests': False, 'cmake_args': None, 'cmake_clean_cache': False, 'cmake_clean_first': False, 'cmake_force_configure': False, 'cmake_target': None, 'cmake_target_skip_unavailable': False, 'install_base': '/home/timi/bumperbot_ws/install/bumperbot_py_examples', 'merge_install': False, 'path': '/home/timi/bumperbot_ws/src/bumperbot_py_examples', 'symlink_install': False, 'test_result_base': None}
[1.361s] INFO:colcon.colcon_core.executor:Executing jobs using 'parallel' executor
[1.371s] DEBUG:colcon.colcon_parallel_executor.executor.parallel:run_until_complete
[1.371s] INFO:colcon.colcon_ros.task.ament_cmake.build:Building ROS package in '/home/timi/bumperbot_ws/src/bumperbot_cpp_examples' with build type 'ament_cmake'
[1.371s] INFO:colcon.colcon_cmake.task.cmake.build:Building CMake package in '/home/timi/bumperbot_ws/src/bumperbot_cpp_examples'
[1.388s] INFO:colcon.colcon_core.plugin_system:Skipping extension 'colcon_core.shell.bat': Not used on non-Windows systems
[1.388s] INFO:colcon.colcon_core.shell:Skip shell extension 'powershell' for command environment: Not usable outside of PowerShell
[1.388s] DEBUG:colcon.colcon_core.shell:Skip shell extension 'dsv' for command environment
[1.435s] INFO:colcon.colcon_ros.task.ament_cmake.build:Building ROS package in '/home/timi/bumperbot_ws/src/bumperbot_description' with build type 'ament_cmake'
[1.435s] INFO:colcon.colcon_cmake.task.cmake.build:Building CMake package in '/home/timi/bumperbot_ws/src/bumperbot_description'
[1.447s] INFO:colcon.colcon_core.shell:Skip shell extension 'powershell' for command environment: Not usable outside of PowerShell
[1.447s] DEBUG:colcon.colcon_core.shell:Skip shell extension 'dsv' for command environment
[1.489s] DEBUG:colcon.colcon_core.event_handler.log_command:Invoking command in '/home/timi/bumperbot_ws/build/bumperbot_cpp_examples': CMAKE_PREFIX_PATH=/opt/ros/humble /usr/bin/cmake --build /home/timi/bumperbot_ws/build/bumperbot_cpp_examples -- -j2 -l2
[1.498s] DEBUG:colcon.colcon_core.event_handler.log_command:Invoking command in '/home/timi/bumperbot_ws/build/bumperbot_description': CMAKE_PREFIX_PATH=/opt/ros/humble /usr/bin/cmake --build /home/timi/bumperbot_ws/build/bumperbot_description -- -j2 -l2
[1.940s] DEBUG:colcon.colcon_core.event_handler.log_command:Invoked command in '/home/timi/bumperbot_ws/build/bumperbot_cpp_examples' returned '0': CMAKE_PREFIX_PATH=/opt/ros/humble /usr/bin/cmake --build /home/timi/bumperbot_ws/build/bumperbot_cpp_examples -- -j2 -l2
[1.973s] DEBUG:colcon.colcon_core.event_handler.log_command:Invoking command in '/home/timi/bumperbot_ws/build/bumperbot_cpp_examples': CMAKE_PREFIX_PATH=/opt/ros/humble /usr/bin/cmake --install /home/timi/bumperbot_ws/build/bumperbot_cpp_examples
[1.996s] Level 1:colcon.colcon_core.environment:create_environment_scripts_only(bumperbot_cpp_examples)
[1.997s] DEBUG:colcon.colcon_core.event_handler.log_command:Invoked command in '/home/timi/bumperbot_ws/build/bumperbot_cpp_examples' returned '0': CMAKE_PREFIX_PATH=/opt/ros/humble /usr/bin/cmake --install /home/timi/bumperbot_ws/build/bumperbot_cpp_examples
[2.028s] Level 1:colcon.colcon_core.environment:checking '/home/timi/bumperbot_ws/install/bumperbot_cpp_examples' for CMake module files
[2.028s] Level 1:colcon.colcon_core.environment:checking '/home/timi/bumperbot_ws/install/bumperbot_cpp_examples' for CMake config files
[2.028s] Level 1:colcon.colcon_core.shell:create_environment_hook('bumperbot_cpp_examples', 'cmake_prefix_path')
[2.039s] INFO:colcon.colcon_core.shell:Creating environment hook '/home/timi/bumperbot_ws/install/bumperbot_cpp_examples/share/bumperbot_cpp_examples/hook/cmake_prefix_path.ps1'
[2.041s] INFO:colcon.colcon_core.shell:Creating environment descriptor '/home/timi/bumperbot_ws/install/bumperbot_cpp_examples/share/bumperbot_cpp_examples/hook/cmake_prefix_path.dsv'
[2.042s] INFO:colcon.colcon_core.shell:Creating environment hook '/home/timi/bumperbot_ws/install/bumperbot_cpp_examples/share/bumperbot_cpp_examples/hook/cmake_prefix_path.sh'
[2.043s] Level 1:colcon.colcon_core.environment:checking '/home/timi/bumperbot_ws/install/bumperbot_cpp_examples/lib'
[2.044s] Level 1:colcon.colcon_core.environment:checking '/home/timi/bumperbot_ws/install/bumperbot_cpp_examples/bin'
[2.044s] Level 1:colcon.colcon_core.environment:checking '/home/timi/bumperbot_ws/install/bumperbot_cpp_examples/lib/pkgconfig/bumperbot_cpp_examples.pc'
[2.044s] Level 1:colcon.colcon_core.environment:checking '/home/timi/bumperbot_ws/install/bumperbot_cpp_examples/lib/python3.10/site-packages'
[2.044s] Level 1:colcon.colcon_core.environment:checking '/home/timi/bumperbot_ws/install/bumperbot_cpp_examples/bin'
[2.054s] INFO:colcon.colcon_core.shell:Creating package script '/home/timi/bumperbot_ws/install/bumperbot_cpp_examples/share/bumperbot_cpp_examples/package.ps1'
[2.055s] INFO:colcon.colcon_core.shell:Creating package descriptor '/home/timi/bumperbot_ws/install/bumperbot_cpp_examples/share/bumperbot_cpp_examples/package.dsv'
[2.055s] INFO:colcon.colcon_core.shell:Creating package script '/home/timi/bumperbot_ws/install/bumperbot_cpp_examples/share/bumperbot_cpp_examples/package.sh'
[2.056s] INFO:colcon.colcon_core.shell:Creating package script '/home/timi/bumperbot_ws/install/bumperbot_cpp_examples/share/bumperbot_cpp_examples/package.bash'
[2.057s] INFO:colcon.colcon_core.shell:Creating package script '/home/timi/bumperbot_ws/install/bumperbot_cpp_examples/share/bumperbot_cpp_examples/package.zsh'
[2.058s] Level 1:colcon.colcon_core.environment:create_file_with_runtime_dependencies(/home/timi/bumperbot_ws/install/bumperbot_cpp_examples/share/colcon-core/packages/bumperbot_cpp_examples)
[2.094s] Level 1:colcon.colcon_core.environment:create_environment_scripts_only(bumperbot_cpp_examples)
[2.126s] Level 1:colcon.colcon_core.environment:checking '/home/timi/bumperbot_ws/install/bumperbot_cpp_examples' for CMake module files
[2.126s] Level 1:colcon.colcon_core.environment:checking '/home/timi/bumperbot_ws/install/bumperbot_cpp_examples' for CMake config files
[2.127s] Level 1:colcon.colcon_core.shell:create_environment_hook('bumperbot_cpp_examples', 'cmake_prefix_path')
[2.139s] INFO:colcon.colcon_core.shell:Creating environment hook '/home/timi/bumperbot_ws/install/bumperbot_cpp_examples/share/bumperbot_cpp_examples/hook/cmake_prefix_path.ps1'
[2.139s] INFO:colcon.colcon_core.shell:Creating environment descriptor '/home/timi/bumperbot_ws/install/bumperbot_cpp_examples/share/bumperbot_cpp_examples/hook/cmake_prefix_path.dsv'
[2.140s] INFO:colcon.colcon_core.shell:Creating environment hook '/home/timi/bumperbot_ws/install/bumperbot_cpp_examples/share/bumperbot_cpp_examples/hook/cmake_prefix_path.sh'
[2.140s] Level 1:colcon.colcon_core.environment:checking '/home/timi/bumperbot_ws/install/bumperbot_cpp_examples/lib'
[2.141s] Level 1:colcon.colcon_core.environment:checking '/home/timi/bumperbot_ws/install/bumperbot_cpp_examples/bin'
[2.141s] Level 1:colcon.colcon_core.environment:checking '/home/timi/bumperbot_ws/install/bumperbot_cpp_examples/lib/pkgconfig/bumperbot_cpp_examples.pc'
[2.141s] Level 1:colcon.colcon_core.environment:checking '/home/timi/bumperbot_ws/install/bumperbot_cpp_examples/lib/python3.10/site-packages'
[2.141s] Level 1:colcon.colcon_core.environment:checking '/home/timi/bumperbot_ws/install/bumperbot_cpp_examples/bin'
[2.153s] INFO:colcon.colcon_core.shell:Creating package script '/home/timi/bumperbot_ws/install/bumperbot_cpp_examples/share/bumperbot_cpp_examples/package.ps1'
[2.153s] INFO:colcon.colcon_core.shell:Creating package descriptor '/home/timi/bumperbot_ws/install/bumperbot_cpp_examples/share/bumperbot_cpp_examples/package.dsv'
[2.154s] INFO:colcon.colcon_core.shell:Creating package script '/home/timi/bumperbot_ws/install/bumperbot_cpp_examples/share/bumperbot_cpp_examples/package.sh'
[2.154s] INFO:colcon.colcon_core.shell:Creating package script '/home/timi/bumperbot_ws/install/bumperbot_cpp_examples/share/bumperbot_cpp_examples/package.bash'
[2.154s] INFO:colcon.colcon_core.shell:Creating package script '/home/timi/bumperbot_ws/install/bumperbot_cpp_examples/share/bumperbot_cpp_examples/package.zsh'
[2.155s] Level 1:colcon.colcon_core.environment:create_file_with_runtime_dependencies(/home/timi/bumperbot_ws/install/bumperbot_cpp_examples/share/colcon-core/packages/bumperbot_cpp_examples)
[2.155s] INFO:colcon.colcon_ros.task.ament_python.build:Building ROS package in '/home/timi/bumperbot_ws/src/bumperbot_py_examples' with build type 'ament_python'
[2.155s] Level 1:colcon.colcon_core.shell:create_environment_hook('bumperbot_py_examples', 'ament_prefix_path')
[2.177s] INFO:colcon.colcon_core.shell:Creating environment hook '/home/timi/bumperbot_ws/install/bumperbot_py_examples/share/bumperbot_py_examples/hook/ament_prefix_path.ps1'
[2.179s] INFO:colcon.colcon_core.shell:Creating environment descriptor '/home/timi/bumperbot_ws/install/bumperbot_py_examples/share/bumperbot_py_examples/hook/ament_prefix_path.dsv'
[2.179s] INFO:colcon.colcon_core.shell:Creating environment hook '/home/timi/bumperbot_ws/install/bumperbot_py_examples/share/bumperbot_py_examples/hook/ament_prefix_path.sh'
[2.204s] INFO:colcon.colcon_core.shell:Skip shell extension 'powershell' for command environment: Not usable outside of PowerShell
[2.204s] DEBUG:colcon.colcon_core.shell:Skip shell extension 'dsv' for command environment
[2.228s] DEBUG:colcon.colcon_core.event_handler.log_command:Invoked command in '/home/timi/bumperbot_ws/build/bumperbot_description' returned '0': CMAKE_PREFIX_PATH=/opt/ros/humble /usr/bin/cmake --build /home/timi/bumperbot_ws/build/bumperbot_description -- -j2 -l2
[2.554s] INFO:colcon.colcon_core.task.python.build:Building Python package in '/home/timi/bumperbot_ws/src/bumperbot_py_examples'
[2.565s] INFO:colcon.colcon_core.shell:Skip shell extension 'powershell' for command environment: Not usable outside of PowerShell
[2.565s] DEBUG:colcon.colcon_core.shell:Skip shell extension 'dsv' for command environment
[2.592s] DEBUG:colcon.colcon_core.event_handler.log_command:Invoking command in '/home/timi/bumperbot_ws/build/bumperbot_description': CMAKE_PREFIX_PATH=/opt/ros/humble /usr/bin/cmake --install /home/timi/bumperbot_ws/build/bumperbot_description
[2.633s] Level 1:colcon.colcon_core.environment:create_environment_scripts_only(bumperbot_description)
[2.633s] DEBUG:colcon.colcon_core.event_handler.log_command:Invoked command in '/home/timi/bumperbot_ws/build/bumperbot_description' returned '0': CMAKE_PREFIX_PATH=/opt/ros/humble /usr/bin/cmake --install /home/timi/bumperbot_ws/build/bumperbot_description
[2.648s] Level 1:colcon.colcon_core.environment:checking '/home/timi/bumperbot_ws/install/bumperbot_description' for CMake module files
[2.651s] Level 1:colcon.colcon_core.environment:checking '/home/timi/bumperbot_ws/install/bumperbot_description' for CMake config files
[2.653s] Level 1:colcon.colcon_core.shell:create_environment_hook('bumperbot_description', 'cmake_prefix_path')
[2.672s] INFO:colcon.colcon_core.shell:Creating environment hook '/home/timi/bumperbot_ws/install/bumperbot_description/share/bumperbot_description/hook/cmake_prefix_path.ps1'
[2.673s] INFO:colcon.colcon_core.shell:Creating environment descriptor '/home/timi/bumperbot_ws/install/bumperbot_description/share/bumperbot_description/hook/cmake_prefix_path.dsv'
[2.674s] INFO:colcon.colcon_core.shell:Creating environment hook '/home/timi/bumperbot_ws/install/bumperbot_description/share/bumperbot_description/hook/cmake_prefix_path.sh'
[2.675s] Level 1:colcon.colcon_core.environment:checking '/home/timi/bumperbot_ws/install/bumperbot_description/bin'
[2.676s] Level 1:colcon.colcon_core.environment:checking '/home/timi/bumperbot_ws/install/bumperbot_description/lib/pkgconfig/bumperbot_description.pc'
[2.676s] Level 1:colcon.colcon_core.environment:checking '/home/timi/bumperbot_ws/install/bumperbot_description/lib/python3.10/site-packages'
[2.677s] Level 1:colcon.colcon_core.environment:checking '/home/timi/bumperbot_ws/install/bumperbot_description/bin'
[2.707s] INFO:colcon.colcon_core.shell:Creating package script '/home/timi/bumperbot_ws/install/bumperbot_description/share/bumperbot_description/package.ps1'
[2.708s] INFO:colcon.colcon_core.shell:Creating package descriptor '/home/timi/bumperbot_ws/install/bumperbot_description/share/bumperbot_description/package.dsv'
[2.709s] INFO:colcon.colcon_core.shell:Creating package script '/home/timi/bumperbot_ws/install/bumperbot_description/share/bumperbot_description/package.sh'
[2.710s] INFO:colcon.colcon_core.shell:Creating package script '/home/timi/bumperbot_ws/install/bumperbot_description/share/bumperbot_description/package.bash'
[2.710s] INFO:colcon.colcon_core.shell:Creating package script '/home/timi/bumperbot_ws/install/bumperbot_description/share/bumperbot_description/package.zsh'
[2.711s] Level 1:colcon.colcon_core.environment:create_file_with_runtime_dependencies(/home/timi/bumperbot_ws/install/bumperbot_description/share/colcon-core/packages/bumperbot_description)
[2.751s] Level 1:colcon.colcon_core.environment:create_environment_scripts_only(bumperbot_description)
[2.764s] Level 1:colcon.colcon_core.environment:checking '/home/timi/bumperbot_ws/install/bumperbot_description' for CMake module files
[2.765s] Level 1:colcon.colcon_core.environment:checking '/home/timi/bumperbot_ws/install/bumperbot_description' for CMake config files
[2.765s] Level 1:colcon.colcon_core.shell:create_environment_hook('bumperbot_description', 'cmake_prefix_path')
[2.781s] INFO:colcon.colcon_core.shell:Creating environment hook '/home/timi/bumperbot_ws/install/bumperbot_description/share/bumperbot_description/hook/cmake_prefix_path.ps1'
[2.782s] INFO:colcon.colcon_core.shell:Creating environment descriptor '/home/timi/bumperbot_ws/install/bumperbot_description/share/bumperbot_description/hook/cmake_prefix_path.dsv'
[2.783s] INFO:colcon.colcon_core.shell:Creating environment hook '/home/timi/bumperbot_ws/install/bumperbot_description/share/bumperbot_description/hook/cmake_prefix_path.sh'
[2.784s] Level 1:colcon.colcon_core.environment:checking '/home/timi/bumperbot_ws/install/bumperbot_description/bin'
[2.784s] Level 1:colcon.colcon_core.environment:checking '/home/timi/bumperbot_ws/install/bumperbot_description/lib/pkgconfig/bumperbot_description.pc'
[2.784s] Level 1:colcon.colcon_core.environment:checking '/home/timi/bumperbot_ws/install/bumperbot_description/lib/python3.10/site-packages'
[2.785s] Level 1:colcon.colcon_core.environment:checking '/home/timi/bumperbot_ws/install/bumperbot_description/bin'
[2.795s] INFO:colcon.colcon_core.shell:Creating package script '/home/timi/bumperbot_ws/install/bumperbot_description/share/bumperbot_description/package.ps1'
[2.796s] INFO:colcon.colcon_core.shell:Creating package descriptor '/home/timi/bumperbot_ws/install/bumperbot_description/share/bumperbot_description/package.dsv'
[2.797s] INFO:colcon.colcon_core.shell:Creating package script '/home/timi/bumperbot_ws/install/bumperbot_description/share/bumperbot_description/package.sh'
[2.797s] INFO:colcon.colcon_core.shell:Creating package script '/home/timi/bumperbot_ws/install/bumperbot_description/share/bumperbot_description/package.bash'
[2.798s] INFO:colcon.colcon_core.shell:Creating package script '/home/timi/bumperbot_ws/install/bumperbot_description/share/bumperbot_description/package.zsh'
[2.798s] Level 1:colcon.colcon_core.environment:create_file_with_runtime_dependencies(/home/timi/bumperbot_ws/install/bumperbot_description/share/colcon-core/packages/bumperbot_description)
[3.205s] DEBUG:colcon.colcon_core.event_handler.log_command:Invoking command in '/home/timi/bumperbot_ws/src/bumperbot_py_examples': PYTHONPATH=/home/timi/bumperbot_ws/build/bumperbot_py_examples/prefix_override:/home/timi/bumperbot_ws/install/bumperbot_py_examples/lib/python3.10/site-packages:${PYTHONPATH} /usr/bin/python3 setup.py egg_info --egg-base ../../build/bumperbot_py_examples build --build-base /home/timi/bumperbot_ws/build/bumperbot_py_examples/build install --record /home/timi/bumperbot_ws/build/bumperbot_py_examples/install.log --single-version-externally-managed
[3.455s] DEBUG:colcon.colcon_core.event_handler.log_command:Invoked command in '/home/timi/bumperbot_ws/src/bumperbot_py_examples' returned '0': PYTHONPATH=/home/timi/bumperbot_ws/build/bumperbot_py_examples/prefix_override:/home/timi/bumperbot_ws/install/bumperbot_py_examples/lib/python3.10/site-packages:${PYTHONPATH} /usr/bin/python3 setup.py egg_info --egg-base ../../build/bumperbot_py_examples build --build-base /home/timi/bumperbot_ws/build/bumperbot_py_examples/build install --record /home/timi/bumperbot_ws/build/bumperbot_py_examples/install.log --single-version-externally-managed
[3.466s] Level 1:colcon.colcon_core.environment:checking '/home/timi/bumperbot_ws/install/bumperbot_py_examples' for CMake module files
[3.467s] Level 1:colcon.colcon_core.environment:checking '/home/timi/bumperbot_ws/install/bumperbot_py_examples' for CMake config files
[3.468s] Level 1:colcon.colcon_core.environment:checking '/home/timi/bumperbot_ws/install/bumperbot_py_examples/lib'
[3.468s] Level 1:colcon.colcon_core.environment:checking '/home/timi/bumperbot_ws/install/bumperbot_py_examples/bin'
[3.468s] Level 1:colcon.colcon_core.environment:checking '/home/timi/bumperbot_ws/install/bumperbot_py_examples/lib/pkgconfig/bumperbot_py_examples.pc'
[3.468s] Level 1:colcon.colcon_core.environment:checking '/home/timi/bumperbot_ws/install/bumperbot_py_examples/lib/python3.10/site-packages'
[3.468s] Level 1:colcon.colcon_core.shell:create_environment_hook('bumperbot_py_examples', 'pythonpath')
[3.478s] INFO:colcon.colcon_core.shell:Creating environment hook '/home/timi/bumperbot_ws/install/bumperbot_py_examples/share/bumperbot_py_examples/hook/pythonpath.ps1'
[3.478s] INFO:colcon.colcon_core.shell:Creating environment descriptor '/home/timi/bumperbot_ws/install/bumperbot_py_examples/share/bumperbot_py_examples/hook/pythonpath.dsv'
[3.478s] INFO:colcon.colcon_core.shell:Creating environment hook '/home/timi/bumperbot_ws/install/bumperbot_py_examples/share/bumperbot_py_examples/hook/pythonpath.sh'
[3.479s] Level 1:colcon.colcon_core.environment:checking '/home/timi/bumperbot_ws/install/bumperbot_py_examples/bin'
[3.479s] Level 1:colcon.colcon_core.environment:create_environment_scripts_only(bumperbot_py_examples)
[3.489s] INFO:colcon.colcon_core.shell:Creating package script '/home/timi/bumperbot_ws/install/bumperbot_py_examples/share/bumperbot_py_examples/package.ps1'
[3.489s] INFO:colcon.colcon_core.shell:Creating package descriptor '/home/timi/bumperbot_ws/install/bumperbot_py_examples/share/bumperbot_py_examples/package.dsv'
[3.489s] INFO:colcon.colcon_core.shell:Creating package script '/home/timi/bumperbot_ws/install/bumperbot_py_examples/share/bumperbot_py_examples/package.sh'
[3.490s] INFO:colcon.colcon_core.shell:Creating package script '/home/timi/bumperbot_ws/install/bumperbot_py_examples/share/bumperbot_py_examples/package.bash'
[3.490s] INFO:colcon.colcon_core.shell:Creating package script '/home/timi/bumperbot_ws/install/bumperbot_py_examples/share/bumperbot_py_examples/package.zsh'
[3.491s] Level 1:colcon.colcon_core.environment:create_file_with_runtime_dependencies(/home/timi/bumperbot_ws/install/bumperbot_py_examples/share/colcon-core/packages/bumperbot_py_examples)
[3.491s] DEBUG:colcon.colcon_parallel_executor.executor.parallel:closing loop
[3.491s] DEBUG:colcon.colcon_parallel_executor.executor.parallel:loop closed
[3.491s] DEBUG:colcon.colcon_parallel_executor.executor.parallel:run_until_complete finished with '0'
[3.491s] DEBUG:colcon.colcon_core.event_reactor:joining thread
[3.518s] INFO:colcon.colcon_core.plugin_system:Skipping extension 'colcon_notification.desktop_notification.terminal_notifier': Not used on non-Darwin systems
[3.518s] INFO:colcon.colcon_core.plugin_system:Skipping extension 'colcon_notification.desktop_notification.win32': Not used on non-Windows systems
[3.518s] INFO:colcon.colcon_notification.desktop_notification:Sending desktop notification using 'notify2'
[3.634s] DEBUG:colcon.colcon_core.event_reactor:joined thread
[3.647s] INFO:colcon.colcon_core.shell:Creating prefix script '/home/timi/bumperbot_ws/install/local_setup.ps1'
[3.648s] INFO:colcon.colcon_core.shell:Creating prefix util module '/home/timi/bumperbot_ws/install/_local_setup_util_ps1.py'
[3.650s] INFO:colcon.colcon_core.shell:Creating prefix chain script '/home/timi/bumperbot_ws/install/setup.ps1'
[3.665s] INFO:colcon.colcon_core.shell:Creating prefix script '/home/timi/bumperbot_ws/install/local_setup.sh'
[3.666s] INFO:colcon.colcon_core.shell:Creating prefix util module '/home/timi/bumperbot_ws/install/_local_setup_util_sh.py'
[3.666s] INFO:colcon.colcon_core.shell:Creating prefix chain script '/home/timi/bumperbot_ws/install/setup.sh'
[3.705s] INFO:colcon.colcon_core.shell:Creating prefix script '/home/timi/bumperbot_ws/install/local_setup.bash'
[3.706s] INFO:colcon.colcon_core.shell:Creating prefix chain script '/home/timi/bumperbot_ws/install/setup.bash'
[3.721s] INFO:colcon.colcon_core.shell:Creating prefix script '/home/timi/bumperbot_ws/install/local_setup.zsh'
[3.722s] INFO:colcon.colcon_core.shell:Creating prefix chain script '/home/timi/bumperbot_ws/install/setup.zsh'
