[0.097s] Invoking command in '/home/timi/bumperbot_ws/build/bumperbot_cpp_examples': CMAKE_PREFIX_PATH=/opt/ros/humble /usr/bin/cmake /home/timi/bumperbot_ws/src/bumperbot_cpp_examples -DCMAKE_INSTALL_PREFIX=/home/timi/bumperbot_ws/install/bumperbot_cpp_examples
[0.323s] -- The C compiler identification is GNU 11.4.0
[0.470s] -- The CXX compiler identification is GNU 11.4.0
[0.482s] -- Detecting C compiler ABI info
[0.569s] -- Detecting C compiler ABI info - done
[0.577s] -- Check for working C compiler: /usr/bin/cc - skipped
[0.578s] -- Detecting C compile features
[0.579s] -- Detecting C compile features - done
[0.583s] -- Detecting CXX compiler ABI info
[0.669s] -- Detecting CXX compiler ABI info - done
[0.678s] -- Check for working CXX compiler: /usr/bin/c++ - skipped
[0.678s] -- Detecting CXX compile features
[0.679s] -- Detecting CXX compile features - done
[0.696s] -- Found ament_cmake: 1.3.6 (/opt/ros/humble/share/ament_cmake/cmake)
[0.869s] -- Found Python3: /usr/bin/python3.10 (found version "3.10.12") found components: Interpreter 
[0.973s] -- Found ament_lint_auto: 0.12.9 (/opt/ros/humble/share/ament_lint_auto/cmake)
[1.056s] -- Added test 'lint_cmake' to check CMake code style
[1.059s] -- Added test 'xmllint' to check XML markup files
[1.061s] -- Configuring done
[1.064s] -- Generating done
[1.065s] -- Build files have been written to: /home/timi/bumperbot_ws/build/bumperbot_cpp_examples
[1.071s] Invoked command in '/home/timi/bumperbot_ws/build/bumperbot_cpp_examples' returned '0': CMAKE_PREFIX_PATH=/opt/ros/humble /usr/bin/cmake /home/timi/bumperbot_ws/src/bumperbot_cpp_examples -DCMAKE_INSTALL_PREFIX=/home/timi/bumperbot_ws/install/bumperbot_cpp_examples
[1.071s] Invoking command in '/home/timi/bumperbot_ws/build/bumperbot_cpp_examples': CMAKE_PREFIX_PATH=/opt/ros/humble /usr/bin/cmake --build /home/timi/bumperbot_ws/build/bumperbot_cpp_examples -- -j2 -l2
[1.150s] Invoked command in '/home/timi/bumperbot_ws/build/bumperbot_cpp_examples' returned '0': CMAKE_PREFIX_PATH=/opt/ros/humble /usr/bin/cmake --build /home/timi/bumperbot_ws/build/bumperbot_cpp_examples -- -j2 -l2
[1.183s] Invoking command in '/home/timi/bumperbot_ws/build/bumperbot_cpp_examples': CMAKE_PREFIX_PATH=/opt/ros/humble /usr/bin/cmake --install /home/timi/bumperbot_ws/build/bumperbot_cpp_examples
[1.189s] -- Install configuration: ""
[1.189s] -- Installing: /home/timi/bumperbot_ws/install/bumperbot_cpp_examples/share/ament_index/resource_index/package_run_dependencies/bumperbot_cpp_examples
[1.190s] -- Installing: /home/timi/bumperbot_ws/install/bumperbot_cpp_examples/share/ament_index/resource_index/parent_prefix_path/bumperbot_cpp_examples
[1.190s] -- Installing: /home/timi/bumperbot_ws/install/bumperbot_cpp_examples/share/bumperbot_cpp_examples/environment/ament_prefix_path.sh
[1.190s] -- Installing: /home/timi/bumperbot_ws/install/bumperbot_cpp_examples/share/bumperbot_cpp_examples/environment/ament_prefix_path.dsv
[1.190s] -- Installing: /home/timi/bumperbot_ws/install/bumperbot_cpp_examples/share/bumperbot_cpp_examples/environment/path.sh
[1.190s] -- Installing: /home/timi/bumperbot_ws/install/bumperbot_cpp_examples/share/bumperbot_cpp_examples/environment/path.dsv
[1.191s] -- Installing: /home/timi/bumperbot_ws/install/bumperbot_cpp_examples/share/bumperbot_cpp_examples/local_setup.bash
[1.191s] -- Installing: /home/timi/bumperbot_ws/install/bumperbot_cpp_examples/share/bumperbot_cpp_examples/local_setup.sh
[1.191s] -- Installing: /home/timi/bumperbot_ws/install/bumperbot_cpp_examples/share/bumperbot_cpp_examples/local_setup.zsh
[1.191s] -- Installing: /home/timi/bumperbot_ws/install/bumperbot_cpp_examples/share/bumperbot_cpp_examples/local_setup.dsv
[1.191s] -- Installing: /home/timi/bumperbot_ws/install/bumperbot_cpp_examples/share/bumperbot_cpp_examples/package.dsv
[1.191s] -- Installing: /home/timi/bumperbot_ws/install/bumperbot_cpp_examples/share/ament_index/resource_index/packages/bumperbot_cpp_examples
[1.192s] -- Installing: /home/timi/bumperbot_ws/install/bumperbot_cpp_examples/share/bumperbot_cpp_examples/cmake/bumperbot_cpp_examplesConfig.cmake
[1.192s] -- Installing: /home/timi/bumperbot_ws/install/bumperbot_cpp_examples/share/bumperbot_cpp_examples/cmake/bumperbot_cpp_examplesConfig-version.cmake
[1.192s] -- Installing: /home/timi/bumperbot_ws/install/bumperbot_cpp_examples/share/bumperbot_cpp_examples/package.xml
[1.193s] Invoked command in '/home/timi/bumperbot_ws/build/bumperbot_cpp_examples' returned '0': CMAKE_PREFIX_PATH=/opt/ros/humble /usr/bin/cmake --install /home/timi/bumperbot_ws/build/bumperbot_cpp_examples
