[0.062s] Invoking command in '/home/timi/bumperbot_ws/build/bumperbot_description': CMAKE_PREFIX_PATH=/opt/ros/humble /usr/bin/cmake --build /home/timi/bumperbot_ws/build/bumperbot_description -- -j2 -l2
[0.257s] -- Found ament_cmake: 1.3.8 (/opt/ros/humble/share/ament_cmake/cmake)
[0.498s] -- Found Python3: /usr/bin/python3 (found version "3.10.12") found components: Interpreter 
[0.606s] -- Found ament_lint_auto: 0.12.10 (/opt/ros/humble/share/ament_lint_auto/cmake)
[0.700s] -- Added test 'flake8' to check Python code syntax and style conventions
[0.701s] -- Added test 'lint_cmake' to check CMake code style
[0.704s] -- Added test 'pep257' to check Python code against some of the docstring style conventions in PEP 257
[0.706s] -- Added test 'xmllint' to check XML markup files
[0.709s] -- Configuring done
[0.722s] -- Generating done
[0.725s] -- Build files have been written to: /home/timi/bumperbot_ws/build/bumperbot_description
[0.792s] Invoked command in '/home/timi/bumperbot_ws/build/bumperbot_description' returned '0': CMAKE_PREFIX_PATH=/opt/ros/humble /usr/bin/cmake --build /home/timi/bumperbot_ws/build/bumperbot_description -- -j2 -l2
[1.156s] Invoking command in '/home/timi/bumperbot_ws/build/bumperbot_description': CMAKE_PREFIX_PATH=/opt/ros/humble /usr/bin/cmake --install /home/timi/bumperbot_ws/build/bumperbot_description
[1.165s] -- Install configuration: ""
[1.165s] -- Up-to-date: /home/timi/bumperbot_ws/install/bumperbot_description/share/bumperbot_description/meshes
[1.166s] -- Up-to-date: /home/timi/bumperbot_ws/install/bumperbot_description/share/bumperbot_description/meshes/wheel_right_link.STL
[1.167s] -- Up-to-date: /home/timi/bumperbot_ws/install/bumperbot_description/share/bumperbot_description/meshes/imu_link.STL
[1.167s] -- Up-to-date: /home/timi/bumperbot_ws/install/bumperbot_description/share/bumperbot_description/meshes/caster_front_link.STL
[1.168s] -- Up-to-date: /home/timi/bumperbot_ws/install/bumperbot_description/share/bumperbot_description/meshes/base_link.STL
[1.168s] -- Up-to-date: /home/timi/bumperbot_ws/install/bumperbot_description/share/bumperbot_description/meshes/wheel_left_link.STL
[1.174s] -- Up-to-date: /home/timi/bumperbot_ws/install/bumperbot_description/share/bumperbot_description/meshes/caster_rear_link.STL
[1.174s] -- Up-to-date: /home/timi/bumperbot_ws/install/bumperbot_description/share/bumperbot_description/urdf
[1.174s] -- Up-to-date: /home/timi/bumperbot_ws/install/bumperbot_description/share/bumperbot_description/urdf/bumperbot.urdf.xacro
[1.174s] -- Installing: /home/timi/bumperbot_ws/install/bumperbot_description/share/bumperbot_description/rviz
[1.174s] -- Installing: /home/timi/bumperbot_ws/install/bumperbot_description/share/bumperbot_description/rviz/display.rviz
[1.174s] -- Installing: /home/timi/bumperbot_ws/install/bumperbot_description/share/bumperbot_description/launch
[1.174s] -- Installing: /home/timi/bumperbot_ws/install/bumperbot_description/share/bumperbot_description/launch/display.launch.py
[1.174s] -- Installing: /home/timi/bumperbot_ws/install/bumperbot_description/share/ament_index/resource_index/package_run_dependencies/bumperbot_description
[1.174s] -- Up-to-date: /home/timi/bumperbot_ws/install/bumperbot_description/share/ament_index/resource_index/parent_prefix_path/bumperbot_description
[1.188s] -- Up-to-date: /home/timi/bumperbot_ws/install/bumperbot_description/share/bumperbot_description/environment/ament_prefix_path.sh
[1.188s] -- Installing: /home/timi/bumperbot_ws/install/bumperbot_description/share/bumperbot_description/environment/ament_prefix_path.dsv
[1.188s] -- Up-to-date: /home/timi/bumperbot_ws/install/bumperbot_description/share/bumperbot_description/environment/path.sh
[1.188s] -- Installing: /home/timi/bumperbot_ws/install/bumperbot_description/share/bumperbot_description/environment/path.dsv
[1.188s] -- Up-to-date: /home/timi/bumperbot_ws/install/bumperbot_description/share/bumperbot_description/local_setup.bash
[1.188s] -- Up-to-date: /home/timi/bumperbot_ws/install/bumperbot_description/share/bumperbot_description/local_setup.sh
[1.188s] -- Up-to-date: /home/timi/bumperbot_ws/install/bumperbot_description/share/bumperbot_description/local_setup.zsh
[1.188s] -- Installing: /home/timi/bumperbot_ws/install/bumperbot_description/share/bumperbot_description/local_setup.dsv
[1.188s] -- Installing: /home/timi/bumperbot_ws/install/bumperbot_description/share/bumperbot_description/package.dsv
[1.188s] -- Up-to-date: /home/timi/bumperbot_ws/install/bumperbot_description/share/ament_index/resource_index/packages/bumperbot_description
[1.188s] -- Up-to-date: /home/timi/bumperbot_ws/install/bumperbot_description/share/bumperbot_description/cmake/bumperbot_descriptionConfig.cmake
[1.188s] -- Up-to-date: /home/timi/bumperbot_ws/install/bumperbot_description/share/bumperbot_description/cmake/bumperbot_descriptionConfig-version.cmake
[1.188s] -- Installing: /home/timi/bumperbot_ws/install/bumperbot_description/share/bumperbot_description/package.xml
[1.197s] Invoked command in '/home/timi/bumperbot_ws/build/bumperbot_description' returned '0': CMAKE_PREFIX_PATH=/opt/ros/humble /usr/bin/cmake --install /home/timi/bumperbot_ws/build/bumperbot_description
