[1.274s] Invoking command in '/home/timi/bumperbot_ws/src/bumperbot_py_examples': PYTHONPATH=/home/timi/bumperbot_ws/build/bumperbot_py_examples/prefix_override:/home/timi/bumperbot_ws/install/bumperbot_py_examples/lib/python3.10/site-packages:${PYTHONPATH} /usr/bin/python3 setup.py egg_info --egg-base ../../build/bumperbot_py_examples build --build-base /home/timi/bumperbot_ws/build/bumperbot_py_examples/build install --record /home/timi/bumperbot_ws/build/bumperbot_py_examples/install.log --single-version-externally-managed
[1.492s] running egg_info
[1.493s] writing ../../build/bumperbot_py_examples/bumperbot_py_examples.egg-info/PKG-INFO
[1.493s] writing dependency_links to ../../build/bumperbot_py_examples/bumperbot_py_examples.egg-info/dependency_links.txt
[1.494s] writing entry points to ../../build/bumperbot_py_examples/bumperbot_py_examples.egg-info/entry_points.txt
[1.494s] writing requirements to ../../build/bumperbot_py_examples/bumperbot_py_examples.egg-info/requires.txt
[1.494s] writing top-level names to ../../build/bumperbot_py_examples/bumperbot_py_examples.egg-info/top_level.txt
[1.496s] reading manifest file '../../build/bumperbot_py_examples/bumperbot_py_examples.egg-info/SOURCES.txt'
[1.498s] writing manifest file '../../build/bumperbot_py_examples/bumperbot_py_examples.egg-info/SOURCES.txt'
[1.498s] running build
[1.498s] running build_py
[1.499s] running install
[1.500s] /usr/lib/python3/dist-packages/setuptools/command/install.py:34: SetuptoolsDeprecationWarning: setup.py install is deprecated. Use build and pip and other standards-based tools.
[1.500s]   warnings.warn(
[1.500s] running install_lib
[1.502s] running install_data
[1.503s] running install_egg_info
[1.504s] removing '/home/timi/bumperbot_ws/install/bumperbot_py_examples/lib/python3.10/site-packages/bumperbot_py_examples-0.0.0-py3.10.egg-info' (and everything under it)
[1.505s] Copying ../../build/bumperbot_py_examples/bumperbot_py_examples.egg-info to /home/timi/bumperbot_ws/install/bumperbot_py_examples/lib/python3.10/site-packages/bumperbot_py_examples-0.0.0-py3.10.egg-info
[1.506s] running install_scripts
[1.524s] Installing simple_publisher script to /home/timi/bumperbot_ws/install/bumperbot_py_examples/lib/bumperbot_py_examples
[1.525s] Installing simple_subscriber script to /home/timi/bumperbot_ws/install/bumperbot_py_examples/lib/bumperbot_py_examples
[1.525s] writing list of installed files to '/home/timi/bumperbot_ws/build/bumperbot_py_examples/install.log'
[1.560s] Invoked command in '/home/timi/bumperbot_ws/src/bumperbot_py_examples' returned '0': PYTHONPATH=/home/timi/bumperbot_ws/build/bumperbot_py_examples/prefix_override:/home/timi/bumperbot_ws/install/bumperbot_py_examples/lib/python3.10/site-packages:${PYTHONPATH} /usr/bin/python3 setup.py egg_info --egg-base ../../build/bumperbot_py_examples build --build-base /home/timi/bumperbot_ws/build/bumperbot_py_examples/build install --record /home/timi/bumperbot_ws/build/bumperbot_py_examples/install.log --single-version-externally-managed
