[0.065s] Invoking command in '/home/timi/bumperbot_ws/build/bumperbot_description': CMAKE_PREFIX_PATH=/opt/ros/humble /usr/bin/cmake /home/timi/bumperbot_ws/src/bumperbot_description -DCMAKE_INSTALL_PREFIX=/home/timi/bumperbot_ws/install/bumperbot_description
[0.373s] -- The C compiler identification is GNU 11.4.0
[0.534s] -- The CXX compiler identification is GNU 11.4.0
[0.553s] -- Detecting C compiler ABI info
[0.652s] -- Detecting C compiler ABI info - done
[0.658s] -- Check for working C compiler: /usr/bin/cc - skipped
[0.659s] -- Detecting C compile features
[0.660s] -- Detecting C compile features - done
[0.671s] -- Detecting CXX compiler ABI info
[0.748s] -- Detecting CXX compiler ABI info - done
[0.754s] -- Check for working CXX compiler: /usr/bin/c++ - skipped
[0.754s] -- Detecting CXX compile features
[0.755s] -- Detecting CXX compile features - done
[0.763s] -- Found ament_cmake: 1.3.6 (/opt/ros/humble/share/ament_cmake/cmake)
[0.928s] -- Found Python3: /usr/bin/python3.10 (found version "3.10.12") found components: Interpreter 
[1.084s] -- Found ament_lint_auto: 0.12.9 (/opt/ros/humble/share/ament_lint_auto/cmake)
[1.261s] -- Added test 'lint_cmake' to check CMake code style
[1.264s] -- Added test 'xmllint' to check XML markup files
[1.267s] -- Configuring done
[1.272s] -- Generating done
[1.273s] -- Build files have been written to: /home/timi/bumperbot_ws/build/bumperbot_description
[1.280s] Invoked command in '/home/timi/bumperbot_ws/build/bumperbot_description' returned '0': CMAKE_PREFIX_PATH=/opt/ros/humble /usr/bin/cmake /home/timi/bumperbot_ws/src/bumperbot_description -DCMAKE_INSTALL_PREFIX=/home/timi/bumperbot_ws/install/bumperbot_description
[1.281s] Invoking command in '/home/timi/bumperbot_ws/build/bumperbot_description': CMAKE_PREFIX_PATH=/opt/ros/humble /usr/bin/cmake --build /home/timi/bumperbot_ws/build/bumperbot_description -- -j2 -l2
[1.358s] Invoked command in '/home/timi/bumperbot_ws/build/bumperbot_description' returned '0': CMAKE_PREFIX_PATH=/opt/ros/humble /usr/bin/cmake --build /home/timi/bumperbot_ws/build/bumperbot_description -- -j2 -l2
[1.393s] Invoking command in '/home/timi/bumperbot_ws/build/bumperbot_description': CMAKE_PREFIX_PATH=/opt/ros/humble /usr/bin/cmake --install /home/timi/bumperbot_ws/build/bumperbot_description
[1.399s] -- Install configuration: ""
[1.399s] -- Installing: /home/timi/bumperbot_ws/install/bumperbot_description/share/ament_index/resource_index/package_run_dependencies/bumperbot_description
[1.399s] -- Installing: /home/timi/bumperbot_ws/install/bumperbot_description/share/ament_index/resource_index/parent_prefix_path/bumperbot_description
[1.400s] -- Installing: /home/timi/bumperbot_ws/install/bumperbot_description/share/bumperbot_description/environment/ament_prefix_path.sh
[1.400s] -- Installing: /home/timi/bumperbot_ws/install/bumperbot_description/share/bumperbot_description/environment/ament_prefix_path.dsv
[1.400s] -- Installing: /home/timi/bumperbot_ws/install/bumperbot_description/share/bumperbot_description/environment/path.sh
[1.400s] -- Installing: /home/timi/bumperbot_ws/install/bumperbot_description/share/bumperbot_description/environment/path.dsv
[1.401s] -- Installing: /home/timi/bumperbot_ws/install/bumperbot_description/share/bumperbot_description/local_setup.bash
[1.401s] -- Installing: /home/timi/bumperbot_ws/install/bumperbot_description/share/bumperbot_description/local_setup.sh
[1.401s] -- Installing: /home/timi/bumperbot_ws/install/bumperbot_description/share/bumperbot_description/local_setup.zsh
[1.402s] -- Installing: /home/timi/bumperbot_ws/install/bumperbot_description/share/bumperbot_description/local_setup.dsv
[1.402s] -- Installing: /home/timi/bumperbot_ws/install/bumperbot_description/share/bumperbot_description/package.dsv
[1.402s] -- Installing: /home/timi/bumperbot_ws/install/bumperbot_description/share/ament_index/resource_index/packages/bumperbot_description
[1.403s] -- Installing: /home/timi/bumperbot_ws/install/bumperbot_description/share/bumperbot_description/cmake/bumperbot_descriptionConfig.cmake
[1.403s] -- Installing: /home/timi/bumperbot_ws/install/bumperbot_description/share/bumperbot_description/cmake/bumperbot_descriptionConfig-version.cmake
[1.403s] -- Installing: /home/timi/bumperbot_ws/install/bumperbot_description/share/bumperbot_description/package.xml
[1.416s] Invoked command in '/home/timi/bumperbot_ws/build/bumperbot_description' returned '0': CMAKE_PREFIX_PATH=/opt/ros/humble /usr/bin/cmake --install /home/timi/bumperbot_ws/build/bumperbot_description
