[0.101s] Invoking command in '/home/timi/bumperbot_ws/build/bumperbot_cpp_examples': CMAKE_PREFIX_PATH=/opt/ros/humble /usr/bin/cmake --build /home/timi/bumperbot_ws/build/bumperbot_cpp_examples -- -j2 -l2
[0.373s] [ 50%] Built target simple_publisher
[0.381s] [100%] Built target simple_subscriber
[0.451s] Invoked command in '/home/timi/bumperbot_ws/build/bumperbot_cpp_examples' returned '0': CMAKE_PREFIX_PATH=/opt/ros/humble /usr/bin/cmake --build /home/timi/bumperbot_ws/build/bumperbot_cpp_examples -- -j2 -l2
[0.594s] Invoking command in '/home/timi/bumperbot_ws/build/bumperbot_cpp_examples': CMAKE_PREFIX_PATH=/opt/ros/humble /usr/bin/cmake --install /home/timi/bumperbot_ws/build/bumperbot_cpp_examples
[0.604s] -- Install configuration: ""
[0.604s] -- Up-to-date: /home/timi/bumperbot_ws/install/bumperbot_cpp_examples/lib/bumperbot_cpp_examples/simple_publisher
[0.607s] -- Up-to-date: /home/timi/bumperbot_ws/install/bumperbot_cpp_examples/lib/bumperbot_cpp_examples/simple_subscriber
[0.608s] -- Up-to-date: /home/timi/bumperbot_ws/install/bumperbot_cpp_examples/share/ament_index/resource_index/package_run_dependencies/bumperbot_cpp_examples
[0.608s] -- Up-to-date: /home/timi/bumperbot_ws/install/bumperbot_cpp_examples/share/ament_index/resource_index/parent_prefix_path/bumperbot_cpp_examples
[0.609s] -- Up-to-date: /home/timi/bumperbot_ws/install/bumperbot_cpp_examples/share/bumperbot_cpp_examples/environment/ament_prefix_path.sh
[0.609s] -- Up-to-date: /home/timi/bumperbot_ws/install/bumperbot_cpp_examples/share/bumperbot_cpp_examples/environment/ament_prefix_path.dsv
[0.610s] -- Up-to-date: /home/timi/bumperbot_ws/install/bumperbot_cpp_examples/share/bumperbot_cpp_examples/environment/path.sh
[0.610s] -- Up-to-date: /home/timi/bumperbot_ws/install/bumperbot_cpp_examples/share/bumperbot_cpp_examples/environment/path.dsv
[0.611s] -- Up-to-date: /home/timi/bumperbot_ws/install/bumperbot_cpp_examples/share/bumperbot_cpp_examples/local_setup.bash
[0.612s] -- Up-to-date: /home/timi/bumperbot_ws/install/bumperbot_cpp_examples/share/bumperbot_cpp_examples/local_setup.sh
[0.612s] -- Up-to-date: /home/timi/bumperbot_ws/install/bumperbot_cpp_examples/share/bumperbot_cpp_examples/local_setup.zsh
[0.613s] -- Up-to-date: /home/timi/bumperbot_ws/install/bumperbot_cpp_examples/share/bumperbot_cpp_examples/local_setup.dsv
[0.613s] -- Installing: /home/timi/bumperbot_ws/install/bumperbot_cpp_examples/share/bumperbot_cpp_examples/package.dsv
[0.615s] -- Up-to-date: /home/timi/bumperbot_ws/install/bumperbot_cpp_examples/share/ament_index/resource_index/packages/bumperbot_cpp_examples
[0.616s] -- Up-to-date: /home/timi/bumperbot_ws/install/bumperbot_cpp_examples/share/bumperbot_cpp_examples/cmake/bumperbot_cpp_examplesConfig.cmake
[0.616s] -- Up-to-date: /home/timi/bumperbot_ws/install/bumperbot_cpp_examples/share/bumperbot_cpp_examples/cmake/bumperbot_cpp_examplesConfig-version.cmake
[0.617s] -- Up-to-date: /home/timi/bumperbot_ws/install/bumperbot_cpp_examples/share/bumperbot_cpp_examples/package.xml
[0.882s] Invoked command in '/home/timi/bumperbot_ws/build/bumperbot_cpp_examples' returned '0': CMAKE_PREFIX_PATH=/opt/ros/humble /usr/bin/cmake --install /home/timi/bumperbot_ws/build/bumperbot_cpp_examples
