[0.753s] Invoking command in '/home/timi/bumperbot_ws/src/bumperbot_py_examples': PYTHONPATH=/home/timi/bumperbot_ws/build/bumperbot_py_examples/prefix_override:/home/timi/bumperbot_ws/install/bumperbot_py_examples/lib/python3.10/site-packages:${PYTHONPATH} /usr/bin/python3 setup.py egg_info --egg-base ../../build/bumperbot_py_examples build --build-base /home/timi/bumperbot_ws/build/bumperbot_py_examples/build install --record /home/timi/bumperbot_ws/build/bumperbot_py_examples/install.log --single-version-externally-managed
[0.968s] running egg_info
[0.969s] writing ../../build/bumperbot_py_examples/bumperbot_py_examples.egg-info/PKG-INFO
[0.970s] writing dependency_links to ../../build/bumperbot_py_examples/bumperbot_py_examples.egg-info/dependency_links.txt
[0.971s] writing entry points to ../../build/bumperbot_py_examples/bumperbot_py_examples.egg-info/entry_points.txt
[0.971s] writing requirements to ../../build/bumperbot_py_examples/bumperbot_py_examples.egg-info/requires.txt
[0.972s] writing top-level names to ../../build/bumperbot_py_examples/bumperbot_py_examples.egg-info/top_level.txt
[0.975s] reading manifest file '../../build/bumperbot_py_examples/bumperbot_py_examples.egg-info/SOURCES.txt'
[0.976s] writing manifest file '../../build/bumperbot_py_examples/bumperbot_py_examples.egg-info/SOURCES.txt'
[0.976s] running build
[0.976s] running build_py
[0.978s] running install
[0.978s] /usr/lib/python3/dist-packages/setuptools/command/install.py:34: SetuptoolsDeprecationWarning: setup.py install is deprecated. Use build and pip and other standards-based tools.
[0.978s]   warnings.warn(
[0.979s] running install_lib
[0.980s] running install_data
[0.992s] running install_egg_info
[1.010s] removing '/home/timi/bumperbot_ws/install/bumperbot_py_examples/lib/python3.10/site-packages/bumperbot_py_examples-0.0.0-py3.10.egg-info' (and everything under it)
[1.017s] Copying ../../build/bumperbot_py_examples/bumperbot_py_examples.egg-info to /home/timi/bumperbot_ws/install/bumperbot_py_examples/lib/python3.10/site-packages/bumperbot_py_examples-0.0.0-py3.10.egg-info
[1.018s] running install_scripts
[1.038s] Installing simple_parameter script to /home/timi/bumperbot_ws/install/bumperbot_py_examples/lib/bumperbot_py_examples
[1.039s] Installing simple_publisher script to /home/timi/bumperbot_ws/install/bumperbot_py_examples/lib/bumperbot_py_examples
[1.039s] Installing simple_subscriber script to /home/timi/bumperbot_ws/install/bumperbot_py_examples/lib/bumperbot_py_examples
[1.040s] writing list of installed files to '/home/timi/bumperbot_ws/build/bumperbot_py_examples/install.log'
[1.070s] Invoked command in '/home/timi/bumperbot_ws/src/bumperbot_py_examples' returned '0': PYTHONPATH=/home/timi/bumperbot_ws/build/bumperbot_py_examples/prefix_override:/home/timi/bumperbot_ws/install/bumperbot_py_examples/lib/python3.10/site-packages:${PYTHONPATH} /usr/bin/python3 setup.py egg_info --egg-base ../../build/bumperbot_py_examples build --build-base /home/timi/bumperbot_ws/build/bumperbot_py_examples/build install --record /home/timi/bumperbot_ws/build/bumperbot_py_examples/install.log --single-version-externally-managed
