[0.063s] Invoking command in '/home/timi/bumperbot_ws/build/bumperbot_description': CMAKE_PREFIX_PATH=/opt/ros/humble /usr/bin/cmake --build /home/timi/bumperbot_ws/build/bumperbot_description -- -j2 -l2
[0.165s] Invoked command in '/home/timi/bumperbot_ws/build/bumperbot_description' returned '0': CMAKE_PREFIX_PATH=/opt/ros/humble /usr/bin/cmake --build /home/timi/bumperbot_ws/build/bumperbot_description -- -j2 -l2
[0.245s] Invoking command in '/home/timi/bumperbot_ws/build/bumperbot_description': CMAKE_PREFIX_PATH=/opt/ros/humble /usr/bin/cmake --install /home/timi/bumperbot_ws/build/bumperbot_description
[0.264s] -- Install configuration: ""
[0.275s] -- Up-to-date: /home/timi/bumperbot_ws/install/bumperbot_description/share/bumperbot_description/meshes
[0.285s] -- Up-to-date: /home/timi/bumperbot_ws/install/bumperbot_description/share/bumperbot_description/meshes/wheel_right_link.STL
[0.286s] -- Up-to-date: /home/timi/bumperbot_ws/install/bumperbot_description/share/bumperbot_description/meshes/imu_link.STL
[0.286s] -- Up-to-date: /home/timi/bumperbot_ws/install/bumperbot_description/share/bumperbot_description/meshes/caster_front_link.STL
[0.286s] -- Up-to-date: /home/timi/bumperbot_ws/install/bumperbot_description/share/bumperbot_description/meshes/base_link.STL
[0.286s] -- Up-to-date: /home/timi/bumperbot_ws/install/bumperbot_description/share/bumperbot_description/meshes/wheel_left_link.STL
[0.286s] -- Up-to-date: /home/timi/bumperbot_ws/install/bumperbot_description/share/bumperbot_description/meshes/caster_rear_link.STL
[0.286s] -- Up-to-date: /home/timi/bumperbot_ws/install/bumperbot_description/share/bumperbot_description/urdf
[0.286s] -- Up-to-date: /home/timi/bumperbot_ws/install/bumperbot_description/share/bumperbot_description/urdf/bumperbot.urdf.xacro
[0.286s] -- Up-to-date: /home/timi/bumperbot_ws/install/bumperbot_description/share/ament_index/resource_index/package_run_dependencies/bumperbot_description
[0.287s] -- Up-to-date: /home/timi/bumperbot_ws/install/bumperbot_description/share/ament_index/resource_index/parent_prefix_path/bumperbot_description
[0.287s] -- Up-to-date: /home/timi/bumperbot_ws/install/bumperbot_description/share/bumperbot_description/environment/ament_prefix_path.sh
[0.287s] -- Up-to-date: /home/timi/bumperbot_ws/install/bumperbot_description/share/bumperbot_description/environment/ament_prefix_path.dsv
[0.287s] -- Up-to-date: /home/timi/bumperbot_ws/install/bumperbot_description/share/bumperbot_description/environment/path.sh
[0.287s] -- Up-to-date: /home/timi/bumperbot_ws/install/bumperbot_description/share/bumperbot_description/environment/path.dsv
[0.287s] -- Up-to-date: /home/timi/bumperbot_ws/install/bumperbot_description/share/bumperbot_description/local_setup.bash
[0.287s] -- Up-to-date: /home/timi/bumperbot_ws/install/bumperbot_description/share/bumperbot_description/local_setup.sh
[0.287s] -- Up-to-date: /home/timi/bumperbot_ws/install/bumperbot_description/share/bumperbot_description/local_setup.zsh
[0.287s] -- Up-to-date: /home/timi/bumperbot_ws/install/bumperbot_description/share/bumperbot_description/local_setup.dsv
[0.287s] -- Installing: /home/timi/bumperbot_ws/install/bumperbot_description/share/bumperbot_description/package.dsv
[0.288s] -- Up-to-date: /home/timi/bumperbot_ws/install/bumperbot_description/share/ament_index/resource_index/packages/bumperbot_description
[0.288s] -- Up-to-date: /home/timi/bumperbot_ws/install/bumperbot_description/share/bumperbot_description/cmake/bumperbot_descriptionConfig.cmake
[0.288s] -- Up-to-date: /home/timi/bumperbot_ws/install/bumperbot_description/share/bumperbot_description/cmake/bumperbot_descriptionConfig-version.cmake
[0.288s] -- Up-to-date: /home/timi/bumperbot_ws/install/bumperbot_description/share/bumperbot_description/package.xml
[0.292s] Invoked command in '/home/timi/bumperbot_ws/build/bumperbot_description' returned '0': CMAKE_PREFIX_PATH=/opt/ros/humble /usr/bin/cmake --install /home/timi/bumperbot_ws/build/bumperbot_description
