[4.351s] DEBUG:colcon:Command line arguments: ['/usr/bin/colcon', 'list', '-p', '--base-paths', '/home/timi/bumperbot_ws']
[4.351s] DEBUG:colcon:Parsed command line arguments: Namespace(log_base=None, log_level=None, verb_name='list', build_base='build', ignore_user_meta=False, metas=['./colcon.meta'], base_paths=['/home/timi/bumperbot_ws'], packages_ignore=None, packages_ignore_regex=None, paths=None, packages_up_to=None, packages_up_to_regex=None, packages_above=None, packages_above_and_dependencies=None, packages_above_depth=None, packages_select_by_dep=None, packages_skip_by_dep=None, packages_skip_up_to=None, packages_select_build_failed=False, packages_skip_build_finished=False, packages_select_test_failures=False, packages_skip_test_passed=False, packages_select=None, packages_skip=None, packages_select_regex=None, packages_skip_regex=None, packages_start=None, packages_end=None, allow_overriding=[], topological_order=False, names_only=False, paths_only=True, topological_graph=False, topological_graph_dot=False, topological_graph_density=False, topological_graph_legend=False, topological_graph_dot_cluster=False, topological_graph_dot_include_skipped=False, verb_parser=<colcon_defaults.argument_parser.defaults.DefaultArgumentsDecorator object at 0xffffb99b8b20>, verb_extension=<colcon_package_information.verb.list.ListVerb object at 0xffffb98f8ca0>, main=<bound method ListVerb.main of <colcon_package_information.verb.list.ListVerb object at 0xffffb98f8ca0>>)
[4.506s] Level 1:colcon.colcon_core.package_discovery:discover_packages(colcon_meta) check parameters
[4.506s] Level 1:colcon.colcon_core.package_discovery:discover_packages(recursive) check parameters
[4.506s] Level 1:colcon.colcon_core.package_discovery:discover_packages(ignore) check parameters
[4.506s] Level 1:colcon.colcon_core.package_discovery:discover_packages(path) check parameters
[4.506s] Level 1:colcon.colcon_core.package_discovery:discover_packages(recursive) discover
[4.506s] INFO:colcon.colcon_core.package_discovery:Crawling recursively for packages in '/home/timi/bumperbot_ws'
[4.506s] Level 1:colcon.colcon_core.package_identification:_identify(/home/timi/bumperbot_ws) by extensions ['ignore', 'ignore_ament_install']
[4.506s] Level 1:colcon.colcon_core.package_identification:_identify(/home/timi/bumperbot_ws) by extension 'ignore'
[4.506s] Level 1:colcon.colcon_core.package_identification:_identify(/home/timi/bumperbot_ws) by extension 'ignore_ament_install'
[4.507s] Level 1:colcon.colcon_core.package_identification:_identify(/home/timi/bumperbot_ws) by extensions ['colcon_pkg']
[4.507s] Level 1:colcon.colcon_core.package_identification:_identify(/home/timi/bumperbot_ws) by extension 'colcon_pkg'
[4.507s] Level 1:colcon.colcon_core.package_identification:_identify(/home/timi/bumperbot_ws) by extensions ['colcon_meta']
[4.507s] Level 1:colcon.colcon_core.package_identification:_identify(/home/timi/bumperbot_ws) by extension 'colcon_meta'
[4.507s] Level 1:colcon.colcon_core.package_identification:_identify(/home/timi/bumperbot_ws) by extensions ['ros']
[4.507s] Level 1:colcon.colcon_core.package_identification:_identify(/home/timi/bumperbot_ws) by extension 'ros'
[4.548s] Level 1:colcon.colcon_core.package_identification:_identify(/home/timi/bumperbot_ws) by extensions ['cmake', 'python']
[4.548s] Level 1:colcon.colcon_core.package_identification:_identify(/home/timi/bumperbot_ws) by extension 'cmake'
[4.548s] Level 1:colcon.colcon_core.package_identification:_identify(/home/timi/bumperbot_ws) by extension 'python'
[4.548s] Level 1:colcon.colcon_core.package_identification:_identify(/home/timi/bumperbot_ws) by extensions ['python_setup_py']
[4.548s] Level 1:colcon.colcon_core.package_identification:_identify(/home/timi/bumperbot_ws) by extension 'python_setup_py'
[4.548s] Level 1:colcon.colcon_core.package_identification:_identify(/home/timi/bumperbot_ws/build) by extensions ['ignore', 'ignore_ament_install']
[4.549s] Level 1:colcon.colcon_core.package_identification:_identify(/home/timi/bumperbot_ws/build) by extension 'ignore'
[4.549s] Level 1:colcon.colcon_core.package_identification:_identify(/home/timi/bumperbot_ws/build) ignored
[4.549s] Level 1:colcon.colcon_core.package_identification:_identify(/home/timi/bumperbot_ws/install) by extensions ['ignore', 'ignore_ament_install']
[4.549s] Level 1:colcon.colcon_core.package_identification:_identify(/home/timi/bumperbot_ws/install) by extension 'ignore'
[4.561s] Level 1:colcon.colcon_core.package_identification:_identify(/home/timi/bumperbot_ws/install) ignored
[4.561s] Level 1:colcon.colcon_core.package_identification:_identify(/home/timi/bumperbot_ws/log) by extensions ['ignore', 'ignore_ament_install']
[4.561s] Level 1:colcon.colcon_core.package_identification:_identify(/home/timi/bumperbot_ws/log) by extension 'ignore'
[4.561s] Level 1:colcon.colcon_core.package_identification:_identify(/home/timi/bumperbot_ws/log) ignored
[4.561s] Level 1:colcon.colcon_core.package_identification:_identify(/home/timi/bumperbot_ws/src) by extensions ['ignore', 'ignore_ament_install']
[4.561s] Level 1:colcon.colcon_core.package_identification:_identify(/home/timi/bumperbot_ws/src) by extension 'ignore'
[4.561s] Level 1:colcon.colcon_core.package_identification:_identify(/home/timi/bumperbot_ws/src) by extension 'ignore_ament_install'
[4.561s] Level 1:colcon.colcon_core.package_identification:_identify(/home/timi/bumperbot_ws/src) by extensions ['colcon_pkg']
[4.561s] Level 1:colcon.colcon_core.package_identification:_identify(/home/timi/bumperbot_ws/src) by extension 'colcon_pkg'
[4.561s] Level 1:colcon.colcon_core.package_identification:_identify(/home/timi/bumperbot_ws/src) by extensions ['colcon_meta']
[4.561s] Level 1:colcon.colcon_core.package_identification:_identify(/home/timi/bumperbot_ws/src) by extension 'colcon_meta'
[4.561s] Level 1:colcon.colcon_core.package_identification:_identify(/home/timi/bumperbot_ws/src) by extensions ['ros']
[4.561s] Level 1:colcon.colcon_core.package_identification:_identify(/home/timi/bumperbot_ws/src) by extension 'ros'
[4.561s] Level 1:colcon.colcon_core.package_identification:_identify(/home/timi/bumperbot_ws/src) by extensions ['cmake', 'python']
[4.562s] Level 1:colcon.colcon_core.package_identification:_identify(/home/timi/bumperbot_ws/src) by extension 'cmake'
[4.562s] Level 1:colcon.colcon_core.package_identification:_identify(/home/timi/bumperbot_ws/src) by extension 'python'
[4.562s] Level 1:colcon.colcon_core.package_identification:_identify(/home/timi/bumperbot_ws/src) by extensions ['python_setup_py']
[4.562s] Level 1:colcon.colcon_core.package_identification:_identify(/home/timi/bumperbot_ws/src) by extension 'python_setup_py'
[4.562s] Level 1:colcon.colcon_core.package_identification:_identify(/home/timi/bumperbot_ws/src/bumperbot_cpp_examples) by extensions ['ignore', 'ignore_ament_install']
[4.562s] Level 1:colcon.colcon_core.package_identification:_identify(/home/timi/bumperbot_ws/src/bumperbot_cpp_examples) by extension 'ignore'
[4.562s] Level 1:colcon.colcon_core.package_identification:_identify(/home/timi/bumperbot_ws/src/bumperbot_cpp_examples) by extension 'ignore_ament_install'
[4.562s] Level 1:colcon.colcon_core.package_identification:_identify(/home/timi/bumperbot_ws/src/bumperbot_cpp_examples) by extensions ['colcon_pkg']
[4.562s] Level 1:colcon.colcon_core.package_identification:_identify(/home/timi/bumperbot_ws/src/bumperbot_cpp_examples) by extension 'colcon_pkg'
[4.562s] Level 1:colcon.colcon_core.package_identification:_identify(/home/timi/bumperbot_ws/src/bumperbot_cpp_examples) by extensions ['colcon_meta']
[4.562s] Level 1:colcon.colcon_core.package_identification:_identify(/home/timi/bumperbot_ws/src/bumperbot_cpp_examples) by extension 'colcon_meta'
[4.562s] Level 1:colcon.colcon_core.package_identification:_identify(/home/timi/bumperbot_ws/src/bumperbot_cpp_examples) by extensions ['ros']
[4.562s] Level 1:colcon.colcon_core.package_identification:_identify(/home/timi/bumperbot_ws/src/bumperbot_cpp_examples) by extension 'ros'
[4.565s] DEBUG:colcon.colcon_core.package_identification:Package '/home/timi/bumperbot_ws/src/bumperbot_cpp_examples' with type 'ros.ament_cmake' and name 'bumperbot_cpp_examples'
[4.566s] Level 1:colcon.colcon_core.package_identification:_identify(/home/timi/bumperbot_ws/src/bumperbot_py_examples) by extensions ['ignore', 'ignore_ament_install']
[4.566s] Level 1:colcon.colcon_core.package_identification:_identify(/home/timi/bumperbot_ws/src/bumperbot_py_examples) by extension 'ignore'
[4.566s] Level 1:colcon.colcon_core.package_identification:_identify(/home/timi/bumperbot_ws/src/bumperbot_py_examples) by extension 'ignore_ament_install'
[4.566s] Level 1:colcon.colcon_core.package_identification:_identify(/home/timi/bumperbot_ws/src/bumperbot_py_examples) by extensions ['colcon_pkg']
[4.566s] Level 1:colcon.colcon_core.package_identification:_identify(/home/timi/bumperbot_ws/src/bumperbot_py_examples) by extension 'colcon_pkg'
[4.566s] Level 1:colcon.colcon_core.package_identification:_identify(/home/timi/bumperbot_ws/src/bumperbot_py_examples) by extensions ['colcon_meta']
[4.566s] Level 1:colcon.colcon_core.package_identification:_identify(/home/timi/bumperbot_ws/src/bumperbot_py_examples) by extension 'colcon_meta'
[4.566s] Level 1:colcon.colcon_core.package_identification:_identify(/home/timi/bumperbot_ws/src/bumperbot_py_examples) by extensions ['ros']
[4.566s] Level 1:colcon.colcon_core.package_identification:_identify(/home/timi/bumperbot_ws/src/bumperbot_py_examples) by extension 'ros'
[4.566s] DEBUG:colcon.colcon_core.package_identification:Package '/home/timi/bumperbot_ws/src/bumperbot_py_examples' with type 'ros.ament_python' and name 'bumperbot_py_examples'
[4.566s] Level 1:colcon.colcon_core.package_discovery:discover_packages(recursive) using defaults
